2025-02-08 13:13:34,177 - basicLogger - INFO - Grade received on 2025-02-08T21:13:34.177567+00:00
2025-02-08 13:13:35,621 - basicLogger - INFO - Grade received on 2025-02-08T21:13:35.620586+00:00
2025-02-08 13:13:36,106 - basicLogger - INFO - Grade received on 2025-02-08T21:13:36.106334+00:00
2025-02-08 13:13:36,389 - basicLogger - ERROR - Error forwarding grade: Client error '401 Unauthorized' for url 'http://localhost:5020/submit_grade'
For more information check: https://developer.mozilla.org/en-US/docs/Web/HTTP/Status/401
2025-02-08 13:13:37,688 - basicLogger - ERROR - Error forwarding grade: Client error '401 Unauthorized' for url 'http://localhost:5020/submit_grade'
For more information check: https://developer.mozilla.org/en-US/docs/Web/HTTP/Status/401
2025-02-08 13:13:38,207 - basicLogger - ERROR - Error forwarding grade: Client error '401 Unauthorized' for url 'http://localhost:5020/submit_grade'
For more information check: https://developer.mozilla.org/en-US/docs/Web/HTTP/Status/401
2025-02-08 13:14:51,453 - basicLogger - INFO - Grade received on 2025-02-08T21:14:51.453482+00:00
2025-02-08 13:14:53,556 - basicLogger - INFO - Sending request to http://localhost:5020/submit_grade with headers: {'Content-Type': 'application/json'}
2025-02-08 13:15:41,134 - basicLogger - INFO - Grade received on 2025-02-08T21:15:41.134027+00:00
2025-02-08 13:15:43,255 - basicLogger - INFO - Sending request to http://localhost:5020/submit_grade with headers: {'Content-Type': 'application/json'}
2025-02-08 13:17:11,866 - basicLogger - INFO - Grade received on 2025-02-08T21:17:11.866305+00:00
2025-02-08 13:17:14,052 - basicLogger - ERROR - Error forwarding grade: Server error '500 Internal Server Error' for url 'http://localhost:5020/submit_grade'
For more information check: https://developer.mozilla.org/en-US/docs/Web/HTTP/Status/500
2025-02-08 13:18:11,861 - basicLogger - INFO - Grade received on 2025-02-08T21:18:11.861778+00:00
2025-02-08 13:18:13,996 - basicLogger - ERROR - Error forwarding grade: Server error '500 Internal Server Error' for url 'http://localhost:5020/submit_grade'
For more information check: https://developer.mozilla.org/en-US/docs/Web/HTTP/Status/500
2025-02-08 13:19:48,099 - basicLogger - INFO - Grade received on 2025-02-08T21:19:48.099850+00:00
2025-02-08 13:19:50,217 - basicLogger - INFO - Sending request to http://localhost:5020/submit_grade with headers: {'Content-Type': 'application/json'}
2025-02-08 13:21:59,974 - basicLogger - INFO - Grade received on 2025-02-08T21:21:59.974591+00:00
2025-02-08 13:22:02,105 - basicLogger - ERROR - Error forwarding grade: Server error '500 Internal Server Error' for url 'http://localhost:5020/submit_grade'
For more information check: https://developer.mozilla.org/en-US/docs/Web/HTTP/Status/500
2025-02-08 13:23:04,533 - basicLogger - INFO - Grade received on 2025-02-08T21:23:04.533023+00:00
2025-02-08 13:23:06,721 - basicLogger - ERROR - Error forwarding grade: Server error '500 Internal Server Error' for url 'http://localhost:5020/submit_grade'
For more information check: https://developer.mozilla.org/en-US/docs/Web/HTTP/Status/500
2025-02-08 13:23:15,237 - basicLogger - INFO - Grade received on 2025-02-08T21:23:15.237381+00:00
2025-02-08 13:23:17,296 - basicLogger - ERROR - Error forwarding grade: Server error '500 Internal Server Error' for url 'http://localhost:5020/submit_grade'
For more information check: https://developer.mozilla.org/en-US/docs/Web/HTTP/Status/500
2025-02-08 13:24:07,175 - basicLogger - INFO - Grade received on 2025-02-08T21:24:07.175701+00:00
2025-02-08 13:24:09,410 - basicLogger - INFO - Sending request to http://localhost:5020/submit_grade with headers: {'Content-Type': 'application/json'}
2025-02-08 13:24:15,858 - basicLogger - INFO - Grade received on 2025-02-08T21:24:15.858425+00:00
2025-02-08 13:24:17,965 - basicLogger - INFO - Sending request to http://localhost:5020/submit_grade with headers: {'Content-Type': 'application/json'}
2025-02-08 13:24:51,196 - basicLogger - INFO - Grade received on 2025-02-08T21:24:51.196063+00:00
2025-02-08 13:24:53,341 - basicLogger - ERROR - Error forwarding grade: Server error '500 Internal Server Error' for url 'http://localhost:5020/submit_grade'
For more information check: https://developer.mozilla.org/en-US/docs/Web/HTTP/Status/500
2025-02-08 13:28:00,272 - basicLogger - INFO - Grade received on 2025-02-08T21:28:00.272485+00:00
2025-02-08 13:28:02,446 - basicLogger - INFO - Sending request to http://localhost:5020/submit_grade with headers: {'Content-Type': 'application/json'}
2025-02-08 13:30:03,613 - basicLogger - INFO - Grade received on 2025-02-08T21:30:03.613648+00:00
2025-02-08 13:30:05,766 - basicLogger - INFO - Sending request to http://localhost:5020/submit_grade with headers: {'Content-Type': 'application/json'}
2025-02-08 13:31:01,113 - basicLogger - INFO - Grade received on 2025-02-08T21:31:01.113081+00:00
2025-02-08 13:31:03,347 - basicLogger - INFO - Sending request to http://localhost:5020/submit_grade with headers: {'Content-Type': 'application/json'}
2025-02-16 16:25:00,207 - basicLogger - INFO - IIIIIIIIIII
2025-02-16 16:30:45,587 - basicLogger - INFO - eyJhbGciOiJIUzI1NiIsInR5cCI6IkpXVCJ9.eyJzdWIiOiJhc2RmIiwiZXhwIjoxNzM5NzU1ODQ1fQ.fGWtQ9vcf9GG62NxWjXmJGdLy4VZv_Ub5m896S56zps
2025-02-16 19:00:29,336 - basicLogger - INFO - None
2025-02-16 19:06:05,585 - basicLogger - INFO - None
2025-02-16 19:14:57,143 - basicLogger - INFO - None
2025-02-16 19:15:32,705 - basicLogger - INFO - None
2025-02-16 19:15:35,080 - basicLogger - INFO - None
2025-02-16 19:29:51,429 - basicLogger - INFO - None
2025-02-17 11:38:14,591 - basicLogger - INFO - Grade received on 2025-02-17T19:38:14.591733+00:00
2025-02-17 11:38:26,102 - basicLogger - ERROR - Error forwarding grade: [Errno 11001] getaddrinfo failed
2025-02-17 12:22:46,182 - basicLogger - INFO - Grade received on 2025-02-17T20:22:46.182549+00:00
2025-02-17 12:22:49,971 - basicLogger - INFO - Grade received on 2025-02-17T20:22:49.971313+00:00
2025-02-17 12:22:57,633 - basicLogger - ERROR - Error forwarding grade: [Errno 11001] getaddrinfo failed
2025-02-17 12:23:01,373 - basicLogger - ERROR - Error forwarding grade: [Errno 11001] getaddrinfo failed
2025-02-17 12:27:40,074 - basicLogger - INFO - Grade received on 2025-02-17T20:27:40.074291+00:00
2025-02-17 12:27:51,415 - basicLogger - ERROR - Error forwarding grade: [Errno 11001] getaddrinfo failed
2025-02-17 12:29:52,050 - basicLogger - INFO - Grade received on 2025-02-17T20:29:52.050415+00:00
2025-02-17 12:30:03,496 - basicLogger - ERROR - Error forwarding grade: [Errno 11001] getaddrinfo failed
2025-02-17 12:30:22,195 - basicLogger - INFO - Grade received on 2025-02-17T20:30:22.195519+00:00
2025-02-17 12:30:24,438 - basicLogger - INFO - Grade received on 2025-02-17T20:30:24.438982+00:00
2025-02-17 12:30:26,495 - basicLogger - INFO - Grade received on 2025-02-17T20:30:26.495754+00:00
2025-02-17 12:30:28,573 - basicLogger - INFO - Grade received on 2025-02-17T20:30:28.573563+00:00
2025-02-17 12:30:29,453 - basicLogger - ERROR - Error forwarding grade: timed out
2025-02-17 12:30:30,616 - basicLogger - INFO - Grade received on 2025-02-17T20:30:30.616084+00:00
2025-02-17 12:30:31,512 - basicLogger - ERROR - Error forwarding grade: timed out
2025-02-17 12:30:31,841 - basicLogger - INFO - Grade received on 2025-02-17T20:30:31.841396+00:00
2025-02-17 12:30:32,662 - basicLogger - INFO - Grade received on 2025-02-17T20:30:32.662120+00:00
2025-02-17 12:30:33,581 - basicLogger - ERROR - Error forwarding grade: timed out
2025-02-17 12:30:33,917 - basicLogger - INFO - Grade received on 2025-02-17T20:30:33.917522+00:00
2025-02-17 12:30:34,747 - basicLogger - INFO - Grade received on 2025-02-17T20:30:34.747149+00:00
2025-02-17 12:30:35,630 - basicLogger - ERROR - Error forwarding grade: timed out
2025-02-17 12:30:35,995 - basicLogger - INFO - Grade received on 2025-02-17T20:30:35.995982+00:00
2025-02-17 12:30:36,836 - basicLogger - INFO - Grade received on 2025-02-17T20:30:36.836930+00:00
2025-02-17 12:30:37,663 - basicLogger - ERROR - Error forwarding grade: timed out
2025-02-17 12:30:38,045 - basicLogger - INFO - Grade received on 2025-02-17T20:30:38.045601+00:00
2025-02-17 12:30:38,881 - basicLogger - INFO - Grade received on 2025-02-17T20:30:38.881822+00:00
2025-02-17 12:30:38,936 - basicLogger - ERROR - Error forwarding grade: timed out
2025-02-17 12:30:39,766 - basicLogger - ERROR - Error forwarding grade: timed out
2025-02-17 12:30:40,115 - basicLogger - INFO - Grade received on 2025-02-17T20:30:40.114950+00:00
2025-02-17 12:30:40,947 - basicLogger - INFO - Grade received on 2025-02-17T20:30:40.947303+00:00
2025-02-17 12:30:40,996 - basicLogger - ERROR - Error forwarding grade: timed out
2025-02-17 12:30:41,853 - basicLogger - ERROR - Error forwarding grade: timed out
2025-02-17 12:30:42,202 - basicLogger - INFO - Grade received on 2025-02-17T20:30:42.202207+00:00
2025-02-17 12:30:42,997 - basicLogger - INFO - Grade received on 2025-02-17T20:30:42.997565+00:00
2025-02-17 12:30:43,063 - basicLogger - ERROR - Error forwarding grade: timed out
2025-02-17 12:30:43,903 - basicLogger - ERROR - Error forwarding grade: timed out
2025-02-17 12:30:44,299 - basicLogger - INFO - Grade received on 2025-02-17T20:30:44.299482+00:00
2025-02-17 12:30:45,050 - basicLogger - INFO - Grade received on 2025-02-17T20:30:45.050598+00:00
2025-02-17 12:30:45,128 - basicLogger - ERROR - Error forwarding grade: timed out
2025-02-17 12:30:45,965 - basicLogger - ERROR - Error forwarding grade: timed out
2025-02-17 12:30:46,397 - basicLogger - INFO - Grade received on 2025-02-17T20:30:46.397830+00:00
2025-02-17 12:30:47,092 - basicLogger - INFO - Grade received on 2025-02-17T20:30:47.092393+00:00
2025-02-17 12:30:47,212 - basicLogger - ERROR - Error forwarding grade: timed out
2025-02-17 12:30:48,013 - basicLogger - ERROR - Error forwarding grade: timed out
2025-02-17 12:30:48,513 - basicLogger - INFO - Grade received on 2025-02-17T20:30:48.513747+00:00
2025-02-17 12:30:49,129 - basicLogger - INFO - Grade received on 2025-02-17T20:30:49.129851+00:00
2025-02-17 12:30:49,348 - basicLogger - ERROR - Error forwarding grade: timed out
2025-02-17 12:30:50,054 - basicLogger - ERROR - Error forwarding grade: timed out
2025-02-17 12:32:14,278 - basicLogger - INFO - Grade received on 2025-02-17T20:32:14.278433+00:00
2025-02-17 12:32:16,505 - basicLogger - INFO - Sending request to http://localhost:5020/submit_grade with headers: {'Content-Type': 'application/json'}
2025-02-17 13:53:46,606 - basicLogger - INFO - {'username': 'asdf', 'exp': 1739832823}
2025-02-17 13:54:13,642 - basicLogger - INFO - Grade received on 2025-02-17T21:54:13.642554+00:00
2025-02-17 13:54:16,049 - basicLogger - ERROR - Error forwarding grade: [Errno 11001] getaddrinfo failed
2025-02-17 13:55:30,011 - basicLogger - INFO - {'username': 'asdf', 'exp': 1739832928}
2025-02-17 13:55:32,540 - basicLogger - INFO - Grade received on 2025-02-17T21:55:32.540408+00:00
2025-02-17 13:55:34,773 - basicLogger - INFO - Sending request to http://localhost:5020/submit_grade with headers: {'Content-Type': 'application/json'}
2025-02-17 13:55:51,051 - basicLogger - INFO - Grade received on 2025-02-17T21:55:51.051286+00:00
2025-02-17 13:55:53,182 - basicLogger - INFO - Sending request to http://localhost:5020/submit_grade with headers: {'Content-Type': 'application/json'}
2025-02-17 13:55:59,499 - basicLogger - INFO - Grade received on 2025-02-17T21:55:59.499578+00:00
2025-02-17 13:56:01,601 - basicLogger - INFO - Sending request to http://localhost:5020/submit_grade with headers: {'Content-Type': 'application/json'}
